This file contains any messages produced by compilers while
running configure, to aid debugging if configure makes a mistake.

It was created by configure, which was
generated by GNU Autoconf 2.64.  Invocation command line was

  $ /Users/stephen/git/amiga-gcc/projects/gcc/configure --prefix=/opt/amiga --target=m68k-amigaos --enable-languages=c,c++,objc --enable-version-specific-runtime-libs --disable-libssp --disable-nls --with-headers=/Users/stephen/git/amiga-gcc/projects/newlib-cygwin/newlib/libc/sys/amigaos/include/ --disable-shared --enable-threads=no --with-stage1-ldflags=-dynamic-libgcc -dynamic-libstdc++ --with-boot-ldflags=-dynamic-libgcc -dynamic-libstdc++ --with-gmp=/usr/local --with-mpfr=/usr/local --with-mpc=/usr/local

## --------- ##
## Platform. ##
## --------- ##

hostname = Stephens-iMac.lan
uname -m = x86_64
uname -r = 21.4.0
uname -s = Darwin
uname -v = Darwin Kernel Version 21.4.0: Fri Mar 18 00:45:05 PDT 2022; root:xnu-8020.101.4~15/RELEASE_X86_64

/usr/bin/uname -p = i386
/bin/uname -X     = unknown

/bin/arch              = unknown
/usr/bin/arch -k       = unknown
/usr/convex/getsysinfo = unknown
/usr/bin/hostinfo      = Mach kernel version:
	 Darwin Kernel Version 21.4.0: Fri Mar 18 00:45:05 PDT 2022; root:xnu-8020.101.4~15/RELEASE_X86_64
Kernel configured for up to 16 processors.
8 processors are physically available.
16 processors are logically available.
Processor type: x86_64h (Intel x86-64h Haswell)
Processors active: 0 1 2 3 4 5 6 7 8 9 10 11 12 13 14 15
Primary memory available: 16.00 gigabytes
Default processor set: 511 tasks, 1990 threads, 16 processors
Load average: 1.82, Mach factor: 14.16
/bin/machine           = unknown
/usr/bin/oslevel       = unknown
/bin/universe          = unknown

PATH: /opt/amiga/bin
PATH: /usr/local/bin
PATH: /usr/bin
PATH: /bin
PATH: /usr/sbin
PATH: /sbin
PATH: /opt/vbcc/bin
PATH: /opt/X11/bin
PATH: /Library/Apple/usr/bin


## ----------- ##
## Core tests. ##
## ----------- ##

configure:2297: checking build system type
configure:2311: result: x86_64-apple-darwin21.4.0
configure:2358: checking host system type
configure:2371: result: x86_64-apple-darwin21.4.0
configure:2391: checking target system type
configure:2404: result: m68k-unknown-amigaos
configure:2458: checking for a BSD-compatible install
configure:2526: result: /usr/local/bin/ginstall -c
configure:2537: checking whether ln works
configure:2559: result: yes
configure:2563: checking whether ln -s works
configure:2567: result: yes
configure:2574: checking for a sed that does not truncate output
configure:2638: result: /usr/local/bin/gsed
configure:2647: checking for gawk
configure:2677: result: no
configure:2647: checking for mawk
configure:2677: result: no
configure:2647: checking for nawk
configure:2677: result: no
configure:2647: checking for awk
configure:2663: found /usr/bin/awk
configure:2674: result: awk
configure:3210: checking for libatomic support
configure:3220: result: yes
configure:3229: checking for libcilkrts support
configure:3235: result: no
configure:3267: checking for libitm support
configure:3273: result: no
configure:3286: checking for libsanitizer support
configure:3292: result: no
configure:3305: checking for libvtv support
configure:3311: result: no
configure:3325: checking for libmpx support
configure:3331: result: no
configure:4121: checking for gcc
configure:4137: found /usr/bin/gcc
configure:4148: result: gcc
configure:4377: checking for C compiler version
configure:4386: gcc --version >&5
Apple clang version 13.0.0 (clang-1300.0.29.3)
Target: x86_64-apple-darwin21.4.0
Thread model: posix
InstalledDir: /Applications/Xcode.app/Contents/Developer/Toolchains/XcodeDefault.xctoolchain/usr/bin
Configured with: --prefix=/Applications/Xcode.app/Contents/Developer/usr --with-gxx-include-dir=/Applications/Xcode.app/Contents/Developer/Platforms/MacOSX.platform/Developer/SDKs/MacOSX.sdk/usr/include/c++/4.2.1
configure:4397: $? = 0
configure:4386: gcc -v >&5
Configured with: --prefix=/Applications/Xcode.app/Contents/Developer/usr --with-gxx-include-dir=/Applications/Xcode.app/Contents/Developer/Platforms/MacOSX.platform/Developer/SDKs/MacOSX.sdk/usr/include/c++/4.2.1
Apple clang version 13.0.0 (clang-1300.0.29.3)
Target: x86_64-apple-darwin21.4.0
Thread model: posix
InstalledDir: /Applications/Xcode.app/Contents/Developer/Toolchains/XcodeDefault.xctoolchain/usr/bin
configure:4397: $? = 0
configure:4386: gcc -V >&5
clang: error: argument to '-V' is missing (expected 1 value)
clang: error: no input files
configure:4397: $? = 1
configure:4386: gcc -qversion >&5
clang: error: unknown argument '-qversion'; did you mean '--version'?
clang: error: no input files
configure:4397: $? = 1
configure:4417: checking for C compiler default output file name
configure:4439: gcc -Os   conftest.c  >&5
configure:4443: $? = 0
configure:4480: result: a.out
configure:4496: checking whether the C compiler works
configure:4505: ./a.out
configure:4509: $? = 0
configure:4524: result: yes
configure:4531: checking whether we are cross compiling
configure:4533: result: no
configure:4536: checking for suffix of executables
configure:4543: gcc -o conftest -Os   conftest.c  >&5
configure:4547: $? = 0
configure:4569: result: 
configure:4575: checking for suffix of object files
configure:4597: gcc -c -Os  conftest.c >&5
configure:4601: $? = 0
configure:4622: result: o
configure:4626: checking whether we are using the GNU C compiler
configure:4645: gcc -c -Os  conftest.c >&5
configure:4645: $? = 0
configure:4654: result: yes
configure:4663: checking whether gcc accepts -g
configure:4683: gcc -c -g  conftest.c >&5
configure:4683: $? = 0
configure:4724: result: yes
configure:4741: checking for gcc option to accept ISO C89
configure:4805: gcc  -c -Os  conftest.c >&5
configure:4805: $? = 0
configure:4818: result: none needed
configure:4896: checking for g++
configure:4912: found /usr/bin/g++
configure:4923: result: g++
configure:4950: checking for C++ compiler version
configure:4959: g++ --version >&5
Apple clang version 13.0.0 (clang-1300.0.29.3)
Target: x86_64-apple-darwin21.4.0
Thread model: posix
InstalledDir: /Applications/Xcode.app/Contents/Developer/Toolchains/XcodeDefault.xctoolchain/usr/bin
Configured with: --prefix=/Applications/Xcode.app/Contents/Developer/usr --with-gxx-include-dir=/Applications/Xcode.app/Contents/Developer/Platforms/MacOSX.platform/Developer/SDKs/MacOSX.sdk/usr/include/c++/4.2.1
configure:4970: $? = 0
configure:4959: g++ -v >&5
Configured with: --prefix=/Applications/Xcode.app/Contents/Developer/usr --with-gxx-include-dir=/Applications/Xcode.app/Contents/Developer/Platforms/MacOSX.platform/Developer/SDKs/MacOSX.sdk/usr/include/c++/4.2.1
Apple clang version 13.0.0 (clang-1300.0.29.3)
Target: x86_64-apple-darwin21.4.0
Thread model: posix
InstalledDir: /Applications/Xcode.app/Contents/Developer/Toolchains/XcodeDefault.xctoolchain/usr/bin
configure:4970: $? = 0
configure:4959: g++ -V >&5
clang: error: argument to '-V' is missing (expected 1 value)
clang: error: no input files
configure:4970: $? = 1
configure:4959: g++ -qversion >&5
clang: error: unknown argument '-qversion'; did you mean '--version'?
clang: error: no input files
configure:4970: $? = 1
configure:4974: checking whether we are using the GNU C++ compiler
configure:4993: g++ -c -Os  conftest.cpp >&5
configure:4993: $? = 0
configure:5002: result: yes
configure:5011: checking whether g++ accepts -g
configure:5031: g++ -c -g  conftest.cpp >&5
configure:5031: $? = 0
configure:5072: result: yes
configure:5121: checking whether g++ accepts -static-libstdc++ -static-libgcc
configure:5138: g++ -o conftest -Os   -static-libstdc++ -static-libgcc conftest.cpp  >&5
clang: error: unsupported option '-static-libgcc'
configure:5138: $? = 1
configure: failed program was:
| /* confdefs.h */
| #define PACKAGE_NAME ""
| #define PACKAGE_TARNAME ""
| #define PACKAGE_VERSION ""
| #define PACKAGE_STRING ""
| #define PACKAGE_BUGREPORT ""
| #define PACKAGE_URL ""
| /* end confdefs.h.  */
| 
| #if (__GNUC__ < 4) || (__GNUC__ == 4 && __GNUC_MINOR__ < 5)
| #error -static-libstdc++ not implemented
| #endif
| int main() {}
configure:5142: result: no
configure:5203: checking for gnatbind
configure:5233: result: no
configure:5295: checking for gnatmake
configure:5325: result: no
configure:5344: checking whether compiler driver understands Ada
configure:5367: result: no
configure:5376: checking how to compare bootstrapped objects
configure:5401: result: cmp --ignore-initial=16 $$f1 $$f2
configure:5461: checking for objdir
configure:5476: result: .libs
configure:5650: checking for the correct version of gmp.h
configure:5670: gcc -c -Os -I/usr/local/include -I/usr/local/include -I/usr/local/include   conftest.c >&5
configure:5670: $? = 0
configure:5688: gcc -c -Os -I/usr/local/include -I/usr/local/include -I/usr/local/include   conftest.c >&5
configure:5688: $? = 0
configure:5689: result: yes
configure:5705: checking for the correct version of mpfr.h
configure:5723: gcc -c -Os -I/usr/local/include -I/usr/local/include -I/usr/local/include   conftest.c >&5
configure:5723: $? = 0
configure:5740: gcc -c -Os -I/usr/local/include -I/usr/local/include -I/usr/local/include   conftest.c >&5
configure:5740: $? = 0
configure:5741: result: yes
configure:5758: checking for the correct version of mpc.h
configure:5775: gcc -c -Os -I/usr/local/include -I/usr/local/include -I/usr/local/include   conftest.c >&5
configure:5775: $? = 0
configure:5791: gcc -c -Os -I/usr/local/include -I/usr/local/include -I/usr/local/include   conftest.c >&5
configure:5791: $? = 0
configure:5792: result: yes
configure:5810: checking for the correct version of the gmp/mpfr/mpc libraries
configure:5841: gcc -o conftest -Os -I/usr/local/include -I/usr/local/include -I/usr/local/include    conftest.c  -L/usr/local/lib -L/usr/local/lib -L/usr/local/lib -lmpc -lmpfr -lgmp >&5
configure:5841: $? = 0
configure:5842: result: yes
configure:6027: checking for isl 0.16, 0.15, or deprecated 0.14
configure:6040: gcc -o conftest -Os  -I/usr/local/include -I/usr/local/include -I/usr/local/include     -lisl -L/usr/local/lib -L/usr/local/lib -L/usr/local/lib -lmpc -lmpfr -lgmp conftest.c  -lisl -lgmp >&5
configure:6040: $? = 0
configure:6047: result: yes
configure:6055: checking for isl 0.16 or 0.15
configure:6068: gcc -o conftest -Os  -I/usr/local/include -I/usr/local/include -I/usr/local/include     -lisl -L/usr/local/lib -L/usr/local/lib -L/usr/local/lib -lmpc -lmpfr -lgmp conftest.c  -lisl -lgmp >&5
configure:6068: $? = 0
configure:6075: result: yes
